     1                                  ;
     2                                  ;This program will test out the functions library
     3                                  ;
     4                                  ;
     5                                  ;Include our external functions library functions
     6                                  
     7                                  %include "./funcs.inc"
     1                              <1> ;example of usage:
     2                              <1> ;	mov ecx, SOMESTRING 
     3                              <1> ;    mov edx, SOMESTRING.len
     4                              <1> ;	call DisplayText
     5                              <1> ;the function assumes the address if rhge string will be in the ecx register 
     6                              <1> ;and that the length in the edx register
     7                              <1> extern DisplayText
     8                              <1> 
     9                              <1> ;example of usage:
    10                              <1> ;
    11                              <1> extern Displayendl
    12                              <1> extern DisplayText
    13                              <1> extern Displayendl
    14                              <1> extern revArray
    15                              <1> extern ReadText
    16                              <1> extern addTwoArrays
    17                              <1> extern addTwo
    18                              <1> extern multiplyTwo
    19                              <1> extern pow2
    20                              <1> extern addArray
    21                              <1> 
    22                              <1> extern ReadText ;does not work
     8                                  SECTION .data
     9 00000000 57656C636F6D652074-     	welcomeAct db "Welcome to Shahaf's Program", 0ah, 0dh, 0h
     9 00000009 6F2053686168616627-
     9 00000012 732050726F6772616D-
     9 0000001B 0A0D00             
    10                                  		.len equ($-welcomeAct)
    11 0000001E 4279652C2054616B65-     	byeAct db "Bye, Take Care", 0ah, 0dh, 0h
    11 00000027 20436172650A0D00   
    12                                   
    13                                   
    14                                  	;szLF db 0dh, 0h, 0h ;define an empty line
    15                                  SECTION .bss
    16                                   
    17                                  SECTION     .text
    18                                  	global      _start
    19                                       
    20                                  _start:
    21                                  	;
    22                                  
    23                                      ;Code will be ran through main.cpp
    24                                  ;
    25                                  ;Setup the registers for exit and poke the kernel
    26                                  Exit: 
    27 00000000 B801000000              	mov		eax,1h				;What are we going to do? Exit!
    28 00000005 BB00000000              	mov		ebx,0						;Return code
    29 0000000A CD80                    	int		80h							;Poke the kernel
