     1                                  ; Assembler 32bit template
     2                                  
     3                                  bits 32
     4                                  section .data
     5                                  ;variables with values go here
     6                                  	
     7 00000000 000000000000F03F        	floatVar1	dq	1.0
     8 00000008 0000000000000040        	floatVar2	dq	2.0
     9 00000010 DBF97E6ABC206C40        	floatVar3	dq	225.023
    10                                  	
    11                                  	
    12                                  section .bss
    13                                  ;reserved memory goes here
    14 00000000 <res 00000008>          	floatStore	resq 1
    15                                  	
    16                                  
    17                                  section .text
    18                                  ;Your program code goes here
    19                                  
    20                                  	global _start
    21                                  _start:
    22 00000000 90                          nop
    23                                  	
    24                                  	;========== CODE ===========
    25 00000001 DD05[00000000]          	fld	qword [floatVar1]
    26 00000007 DD05[08000000]          	fld qword [floatVar2]
    27 0000000D DD05[10000000]          	fld qword [floatVar3]
    28                                  	
    29 00000013 DD1D[00000000]          	fstp	qword	[floatStore]
    30 00000019 DD1D[00000000]          	fstp	qword	[floatStore]
    31 0000001F DD1D[00000000]          	fstp	qword	[floatStore]
    32                                  	
    33                                  	
    34                                  	
    35 00000025 90                      	nop
    36                                  	
    37                                  	;Do not remove/change the lines below here.
    38                                  	;These exit out of the application and back
    39                                  	;to linux in an orderly fashion
    40 00000026 90                      	nop
    41 00000027 B801000000              	mov eax,1      ; Exit system call value
    42 0000002C BB00000000              	mov ebx,0      ; Exit return code
    43 00000031 CD80                    	int 80h        ; Call the kernel
